{"/Users/rokokos97/WebstormProjects/SkillFactory_module11_homework/6.3/src/revertString.js": {"path":"/Users/rokokos97/WebstormProjects/SkillFactory_module11_homework/6.3/src/revertString.js","statementMap":{"0":{"start":{"line":1,"column":20},"end":{"line":1,"column":59}},"1":{"start":{"line":1,"column":27},"end":{"line":1,"column":59}},"2":{"start":{"line":2,"column":0},"end":{"line":2,"column":30}}},"fnMap":{"0":{"name":"(anonymous_0)","decl":{"start":{"line":1,"column":20},"end":{"line":1,"column":21}},"loc":{"start":{"line":1,"column":27},"end":{"line":1,"column":59}},"line":1}},"branchMap":{},"s":{"0":1,"1":2,"2":1},"f":{"0":2},"b":{},"_coverageSchema":"1a1c01bbd47fc00a2c39e90264f33305004495a9","hash":"d0194e3008827ccf380ce221d247cee10e2c2953"}
}
